<?xml version="1.0" encoding="UTF-8"?>
<testsuite xmlns:xsi="http://www.w3.org/2001/XMLSchema-instance" xsi:noNamespaceSchemaLocation="https://maven.apache.org/surefire/maven-surefire-plugin/xsd/surefire-test-report-3.0.xsd" version="3.0" name="testRunner.runners" time="217.511" tests="16" errors="0" skipped="0" failures="2">
  <properties>
    <property name="sun.desktop" value="windows"/>
    <property name="awt.toolkit" value="sun.awt.windows.WToolkit"/>
    <property name="java.specification.version" value="11"/>
    <property name="webdriver.chrome.driver" value="C:\Users\3DX2Y\.cache\selenium\chromedriver\win32\109.0.5414.74\chromedriver.exe"/>
    <property name="sun.cpu.isalist" value="amd64"/>
    <property name="sun.jnu.encoding" value="Cp1252"/>
    <property name="java.class.path" value="F:\TestingPractice\SeleniumPrac\target\test-classes;F:\TestingPractice\SeleniumPrac\target\classes;C:\Users\3DX2Y\.m2\repository\org\seleniumhq\selenium\selenium-java\4.7.2\selenium-java-4.7.2.jar;C:\Users\3DX2Y\.m2\repository\org\seleniumhq\selenium\selenium-api\4.7.2\selenium-api-4.7.2.jar;C:\Users\3DX2Y\.m2\repository\org\seleniumhq\selenium\selenium-chrome-driver\4.7.2\selenium-chrome-driver-4.7.2.jar;C:\Users\3DX2Y\.m2\repository\com\google\auto\service\auto-service-annotations\1.0.1\auto-service-annotations-1.0.1.jar;C:\Users\3DX2Y\.m2\repository\com\google\auto\service\auto-service\1.0.1\auto-service-1.0.1.jar;C:\Users\3DX2Y\.m2\repository\com\google\auto\auto-common\1.2\auto-common-1.2.jar;C:\Users\3DX2Y\.m2\repository\com\google\guava\guava\31.1-jre\guava-31.1-jre.jar;C:\Users\3DX2Y\.m2\repository\com\google\guava\failureaccess\1.0.1\failureaccess-1.0.1.jar;C:\Users\3DX2Y\.m2\repository\com\google\guava\listenablefuture\9999.0-empty-to-avoid-conflict-with-guava\listenablefuture-9999.0-empty-to-avoid-conflict-with-guava.jar;C:\Users\3DX2Y\.m2\repository\com\google\code\findbugs\jsr305\3.0.2\jsr305-3.0.2.jar;C:\Users\3DX2Y\.m2\repository\org\checkerframework\checker-qual\3.12.0\checker-qual-3.12.0.jar;C:\Users\3DX2Y\.m2\repository\com\google\errorprone\error_prone_annotations\2.11.0\error_prone_annotations-2.11.0.jar;C:\Users\3DX2Y\.m2\repository\com\google\j2objc\j2objc-annotations\1.3\j2objc-annotations-1.3.jar;C:\Users\3DX2Y\.m2\repository\org\seleniumhq\selenium\selenium-chromium-driver\4.7.2\selenium-chromium-driver-4.7.2.jar;C:\Users\3DX2Y\.m2\repository\org\seleniumhq\selenium\selenium-json\4.7.2\selenium-json-4.7.2.jar;C:\Users\3DX2Y\.m2\repository\org\seleniumhq\selenium\selenium-devtools-v106\4.7.2\selenium-devtools-v106-4.7.2.jar;C:\Users\3DX2Y\.m2\repository\org\seleniumhq\selenium\selenium-devtools-v107\4.7.2\selenium-devtools-v107-4.7.2.jar;C:\Users\3DX2Y\.m2\repository\org\seleniumhq\selenium\selenium-devtools-v108\4.7.2\selenium-devtools-v108-4.7.2.jar;C:\Users\3DX2Y\.m2\repository\org\seleniumhq\selenium\selenium-devtools-v85\4.7.2\selenium-devtools-v85-4.7.2.jar;C:\Users\3DX2Y\.m2\repository\org\seleniumhq\selenium\selenium-edge-driver\4.7.2\selenium-edge-driver-4.7.2.jar;C:\Users\3DX2Y\.m2\repository\org\seleniumhq\selenium\selenium-firefox-driver\4.7.2\selenium-firefox-driver-4.7.2.jar;C:\Users\3DX2Y\.m2\repository\org\seleniumhq\selenium\selenium-http\4.7.2\selenium-http-4.7.2.jar;C:\Users\3DX2Y\.m2\repository\dev\failsafe\failsafe\3.3.0\failsafe-3.3.0.jar;C:\Users\3DX2Y\.m2\repository\org\seleniumhq\selenium\selenium-ie-driver\4.7.2\selenium-ie-driver-4.7.2.jar;C:\Users\3DX2Y\.m2\repository\org\seleniumhq\selenium\selenium-remote-driver\4.7.2\selenium-remote-driver-4.7.2.jar;C:\Users\3DX2Y\.m2\repository\com\beust\jcommander\1.82\jcommander-1.82.jar;C:\Users\3DX2Y\.m2\repository\io\netty\netty-buffer\4.1.84.Final\netty-buffer-4.1.84.Final.jar;C:\Users\3DX2Y\.m2\repository\io\netty\netty-codec-http\4.1.84.Final\netty-codec-http-4.1.84.Final.jar;C:\Users\3DX2Y\.m2\repository\io\netty\netty-codec\4.1.84.Final\netty-codec-4.1.84.Final.jar;C:\Users\3DX2Y\.m2\repository\io\netty\netty-handler\4.1.84.Final\netty-handler-4.1.84.Final.jar;C:\Users\3DX2Y\.m2\repository\io\netty\netty-common\4.1.84.Final\netty-common-4.1.84.Final.jar;C:\Users\3DX2Y\.m2\repository\io\netty\netty-transport-classes-epoll\4.1.84.Final\netty-transport-classes-epoll-4.1.84.Final.jar;C:\Users\3DX2Y\.m2\repository\io\netty\netty-transport-classes-kqueue\4.1.84.Final\netty-transport-classes-kqueue-4.1.84.Final.jar;C:\Users\3DX2Y\.m2\repository\io\netty\netty-transport-native-epoll\4.1.84.Final\netty-transport-native-epoll-4.1.84.Final.jar;C:\Users\3DX2Y\.m2\repository\io\netty\netty-transport-native-kqueue\4.1.84.Final\netty-transport-native-kqueue-4.1.84.Final.jar;C:\Users\3DX2Y\.m2\repository\io\netty\netty-transport-native-unix-common\4.1.84.Final\netty-transport-native-unix-common-4.1.84.Final.jar;C:\Users\3DX2Y\.m2\repository\io\netty\netty-transport\4.1.84.Final\netty-transport-4.1.84.Final.jar;C:\Users\3DX2Y\.m2\repository\io\netty\netty-resolver\4.1.84.Final\netty-resolver-4.1.84.Final.jar;C:\Users\3DX2Y\.m2\repository\io\opentelemetry\opentelemetry-api\1.19.0\opentelemetry-api-1.19.0.jar;C:\Users\3DX2Y\.m2\repository\io\opentelemetry\opentelemetry-context\1.19.0\opentelemetry-context-1.19.0.jar;C:\Users\3DX2Y\.m2\repository\io\opentelemetry\opentelemetry-exporter-logging\1.19.0\opentelemetry-exporter-logging-1.19.0.jar;C:\Users\3DX2Y\.m2\repository\io\opentelemetry\opentelemetry-sdk-metrics\1.19.0\opentelemetry-sdk-metrics-1.19.0.jar;C:\Users\3DX2Y\.m2\repository\io\opentelemetry\opentelemetry-sdk-logs\1.19.0-alpha\opentelemetry-sdk-logs-1.19.0-alpha.jar;C:\Users\3DX2Y\.m2\repository\io\opentelemetry\opentelemetry-api-logs\1.19.0-alpha\opentelemetry-api-logs-1.19.0-alpha.jar;C:\Users\3DX2Y\.m2\repository\io\opentelemetry\opentelemetry-sdk-common\1.19.0\opentelemetry-sdk-common-1.19.0.jar;C:\Users\3DX2Y\.m2\repository\io\opentelemetry\opentelemetry-sdk-extension-autoconfigure-spi\1.19.0\opentelemetry-sdk-extension-autoconfigure-spi-1.19.0.jar;C:\Users\3DX2Y\.m2\repository\io\opentelemetry\opentelemetry-sdk-extension-autoconfigure\1.19.0-alpha\opentelemetry-sdk-extension-autoconfigure-1.19.0-alpha.jar;C:\Users\3DX2Y\.m2\repository\io\opentelemetry\opentelemetry-exporter-common\1.19.0\opentelemetry-exporter-common-1.19.0.jar;C:\Users\3DX2Y\.m2\repository\io\opentelemetry\opentelemetry-sdk-trace\1.19.0\opentelemetry-sdk-trace-1.19.0.jar;C:\Users\3DX2Y\.m2\repository\io\opentelemetry\opentelemetry-sdk\1.19.0\opentelemetry-sdk-1.19.0.jar;C:\Users\3DX2Y\.m2\repository\io\opentelemetry\opentelemetry-semconv\1.19.0-alpha\opentelemetry-semconv-1.19.0-alpha.jar;C:\Users\3DX2Y\.m2\repository\io\ous\jtoml\2.0.0\jtoml-2.0.0.jar;C:\Users\3DX2Y\.m2\repository\net\bytebuddy\byte-buddy\1.12.18\byte-buddy-1.12.18.jar;C:\Users\3DX2Y\.m2\repository\org\apache\commons\commons-exec\1.3\commons-exec-1.3.jar;C:\Users\3DX2Y\.m2\repository\org\asynchttpclient\async-http-client\2.12.3\async-http-client-2.12.3.jar;C:\Users\3DX2Y\.m2\repository\org\asynchttpclient\async-http-client-netty-utils\2.12.3\async-http-client-netty-utils-2.12.3.jar;C:\Users\3DX2Y\.m2\repository\io\netty\netty-codec-socks\4.1.60.Final\netty-codec-socks-4.1.60.Final.jar;C:\Users\3DX2Y\.m2\repository\io\netty\netty-handler-proxy\4.1.60.Final\netty-handler-proxy-4.1.60.Final.jar;C:\Users\3DX2Y\.m2\repository\io\netty\netty-transport-native-epoll\4.1.60.Final\netty-transport-native-epoll-4.1.60.Final-linux-x86_64.jar;C:\Users\3DX2Y\.m2\repository\io\netty\netty-transport-native-kqueue\4.1.60.Final\netty-transport-native-kqueue-4.1.60.Final-osx-x86_64.jar;C:\Users\3DX2Y\.m2\repository\org\reactivestreams\reactive-streams\1.0.3\reactive-streams-1.0.3.jar;C:\Users\3DX2Y\.m2\repository\com\typesafe\netty\netty-reactive-streams\2.0.4\netty-reactive-streams-2.0.4.jar;C:\Users\3DX2Y\.m2\repository\com\sun\activation\jakarta.activation\1.2.2\jakarta.activation-1.2.2.jar;C:\Users\3DX2Y\.m2\repository\org\seleniumhq\selenium\selenium-manager\4.7.2\selenium-manager-4.7.2.jar;C:\Users\3DX2Y\.m2\repository\org\seleniumhq\selenium\selenium-safari-driver\4.7.2\selenium-safari-driver-4.7.2.jar;C:\Users\3DX2Y\.m2\repository\org\seleniumhq\selenium\selenium-support\4.7.2\selenium-support-4.7.2.jar;C:\Users\3DX2Y\.m2\repository\io\cucumber\cucumber-java\7.11.0\cucumber-java-7.11.0.jar;C:\Users\3DX2Y\.m2\repository\io\cucumber\cucumber-core\7.11.0\cucumber-core-7.11.0.jar;C:\Users\3DX2Y\.m2\repository\io\cucumber\cucumber-gherkin\7.11.0\cucumber-gherkin-7.11.0.jar;C:\Users\3DX2Y\.m2\repository\io\cucumber\cucumber-gherkin-messages\7.11.0\cucumber-gherkin-messages-7.11.0.jar;C:\Users\3DX2Y\.m2\repository\io\cucumber\gherkin\26.0.3\gherkin-26.0.3.jar;C:\Users\3DX2Y\.m2\repository\io\cucumber\messages\21.0.1\messages-21.0.1.jar;C:\Users\3DX2Y\.m2\repository\io\cucumber\tag-expressions\5.0.1\tag-expressions-5.0.1.jar;C:\Users\3DX2Y\.m2\repository\io\cucumber\cucumber-expressions\16.1.1\cucumber-expressions-16.1.1.jar;C:\Users\3DX2Y\.m2\repository\io\cucumber\datatable\7.11.0\datatable-7.11.0.jar;C:\Users\3DX2Y\.m2\repository\io\cucumber\cucumber-plugin\7.11.0\cucumber-plugin-7.11.0.jar;C:\Users\3DX2Y\.m2\repository\io\cucumber\docstring\7.11.0\docstring-7.11.0.jar;C:\Users\3DX2Y\.m2\repository\io\cucumber\html-formatter\20.2.1\html-formatter-20.2.1.jar;C:\Users\3DX2Y\.m2\repository\io\cucumber\junit-xml-formatter\0.1.0\junit-xml-formatter-0.1.0.jar;C:\Users\3DX2Y\.m2\repository\io\cucumber\ci-environment\9.1.0\ci-environment-9.1.0.jar;C:\Users\3DX2Y\.m2\repository\org\apiguardian\apiguardian-api\1.1.2\apiguardian-api-1.1.2.jar;C:\Users\3DX2Y\.m2\repository\io\cucumber\cucumber-testng\7.11.0\cucumber-testng-7.11.0.jar;C:\Users\3DX2Y\.m2\repository\org\testng\testng\7.7.1\testng-7.7.1.jar;C:\Users\3DX2Y\.m2\repository\org\webjars\jquery\3.6.1\jquery-3.6.1.jar;C:\Users\3DX2Y\.m2\repository\io\github\bonigarcia\webdrivermanager\5.3.2\webdrivermanager-5.3.2.jar;C:\Users\3DX2Y\.m2\repository\org\slf4j\slf4j-api\2.0.6\slf4j-api-2.0.6.jar;C:\Users\3DX2Y\.m2\repository\com\google\code\gson\gson\2.10.1\gson-2.10.1.jar;C:\Users\3DX2Y\.m2\repository\com\github\docker-java\docker-java\3.2.14\docker-java-3.2.14.jar;C:\Users\3DX2Y\.m2\repository\com\github\docker-java\docker-java-core\3.2.14\docker-java-core-3.2.14.jar;C:\Users\3DX2Y\.m2\repository\com\github\docker-java\docker-java-api\3.2.14\docker-java-api-3.2.14.jar;C:\Users\3DX2Y\.m2\repository\com\fasterxml\jackson\core\jackson-annotations\2.10.3\jackson-annotations-2.10.3.jar;C:\Users\3DX2Y\.m2\repository\commons-io\commons-io\2.6\commons-io-2.6.jar;C:\Users\3DX2Y\.m2\repository\org\apache\commons\commons-compress\1.21\commons-compress-1.21.jar;C:\Users\3DX2Y\.m2\repository\com\fasterxml\jackson\core\jackson-databind\2.10.3\jackson-databind-2.10.3.jar;C:\Users\3DX2Y\.m2\repository\com\fasterxml\jackson\core\jackson-core\2.10.3\jackson-core-2.10.3.jar;C:\Users\3DX2Y\.m2\repository\org\bouncycastle\bcpkix-jdk15on\1.64\bcpkix-jdk15on-1.64.jar;C:\Users\3DX2Y\.m2\repository\org\bouncycastle\bcprov-jdk15on\1.64\bcprov-jdk15on-1.64.jar;C:\Users\3DX2Y\.m2\repository\org\slf4j\jcl-over-slf4j\1.7.30\jcl-over-slf4j-1.7.30.jar;C:\Users\3DX2Y\.m2\repository\com\github\docker-java\docker-java-transport-httpclient5\3.2.14\docker-java-transport-httpclient5-3.2.14.jar;C:\Users\3DX2Y\.m2\repository\com\github\docker-java\docker-java-transport\3.2.14\docker-java-transport-3.2.14.jar;C:\Users\3DX2Y\.m2\repository\net\java\dev\jna\jna\5.12.1\jna-5.12.1.jar;C:\Users\3DX2Y\.m2\repository\org\brotli\dec\0.1.2\dec-0.1.2.jar;C:\Users\3DX2Y\.m2\repository\org\apache\commons\commons-lang3\3.12.0\commons-lang3-3.12.0.jar;C:\Users\3DX2Y\.m2\repository\org\apache\httpcomponents\client5\httpclient5\5.2.1\httpclient5-5.2.1.jar;C:\Users\3DX2Y\.m2\repository\org\apache\httpcomponents\core5\httpcore5\5.2\httpcore5-5.2.jar;C:\Users\3DX2Y\.m2\repository\org\apache\httpcomponents\core5\httpcore5-h2\5.2\httpcore5-h2-5.2.jar;C:\Users\3DX2Y\.m2\repository\org\apache\commons\commons-text\1.8\commons-text-1.8.jar;"/>
    <property name="java.vm.vendor" value="Amazon.com Inc."/>
    <property name="sun.arch.data.model" value="64"/>
    <property name="user.variant" value=""/>
    <property name="java.vendor.url" value="https://aws.amazon.com/corretto/"/>
    <property name="user.timezone" value="Africa/Cairo"/>
    <property name="java.vm.specification.version" value="11"/>
    <property name="os.name" value="Windows 10"/>
    <property name="sun.java.launcher" value="SUN_STANDARD"/>
    <property name="user.country" value="US"/>
    <property name="sun.boot.library.path" value="C:\Program Files\Amazon Corretto\jdk11.0.17_8\bin"/>
    <property name="sun.java.command" value="C:\Users\3DX2Y\AppData\Local\Temp\surefire17232612399365257180\surefirebooter-20230203222707676_3.jar C:\Users\3DX2Y\AppData\Local\Temp\surefire17232612399365257180 2023-02-03T22-27-06_991-jvmRun1 surefire-20230203222707676_1tmp surefire_0-20230203222707676_2tmp"/>
    <property name="jdk.debug" value="release"/>
    <property name="surefire.test.class.path" value="F:\TestingPractice\SeleniumPrac\target\test-classes;F:\TestingPractice\SeleniumPrac\target\classes;C:\Users\3DX2Y\.m2\repository\org\seleniumhq\selenium\selenium-java\4.7.2\selenium-java-4.7.2.jar;C:\Users\3DX2Y\.m2\repository\org\seleniumhq\selenium\selenium-api\4.7.2\selenium-api-4.7.2.jar;C:\Users\3DX2Y\.m2\repository\org\seleniumhq\selenium\selenium-chrome-driver\4.7.2\selenium-chrome-driver-4.7.2.jar;C:\Users\3DX2Y\.m2\repository\com\google\auto\service\auto-service-annotations\1.0.1\auto-service-annotations-1.0.1.jar;C:\Users\3DX2Y\.m2\repository\com\google\auto\service\auto-service\1.0.1\auto-service-1.0.1.jar;C:\Users\3DX2Y\.m2\repository\com\google\auto\auto-common\1.2\auto-common-1.2.jar;C:\Users\3DX2Y\.m2\repository\com\google\guava\guava\31.1-jre\guava-31.1-jre.jar;C:\Users\3DX2Y\.m2\repository\com\google\guava\failureaccess\1.0.1\failureaccess-1.0.1.jar;C:\Users\3DX2Y\.m2\repository\com\google\guava\listenablefuture\9999.0-empty-to-avoid-conflict-with-guava\listenablefuture-9999.0-empty-to-avoid-conflict-with-guava.jar;C:\Users\3DX2Y\.m2\repository\com\google\code\findbugs\jsr305\3.0.2\jsr305-3.0.2.jar;C:\Users\3DX2Y\.m2\repository\org\checkerframework\checker-qual\3.12.0\checker-qual-3.12.0.jar;C:\Users\3DX2Y\.m2\repository\com\google\errorprone\error_prone_annotations\2.11.0\error_prone_annotations-2.11.0.jar;C:\Users\3DX2Y\.m2\repository\com\google\j2objc\j2objc-annotations\1.3\j2objc-annotations-1.3.jar;C:\Users\3DX2Y\.m2\repository\org\seleniumhq\selenium\selenium-chromium-driver\4.7.2\selenium-chromium-driver-4.7.2.jar;C:\Users\3DX2Y\.m2\repository\org\seleniumhq\selenium\selenium-json\4.7.2\selenium-json-4.7.2.jar;C:\Users\3DX2Y\.m2\repository\org\seleniumhq\selenium\selenium-devtools-v106\4.7.2\selenium-devtools-v106-4.7.2.jar;C:\Users\3DX2Y\.m2\repository\org\seleniumhq\selenium\selenium-devtools-v107\4.7.2\selenium-devtools-v107-4.7.2.jar;C:\Users\3DX2Y\.m2\repository\org\seleniumhq\selenium\selenium-devtools-v108\4.7.2\selenium-devtools-v108-4.7.2.jar;C:\Users\3DX2Y\.m2\repository\org\seleniumhq\selenium\selenium-devtools-v85\4.7.2\selenium-devtools-v85-4.7.2.jar;C:\Users\3DX2Y\.m2\repository\org\seleniumhq\selenium\selenium-edge-driver\4.7.2\selenium-edge-driver-4.7.2.jar;C:\Users\3DX2Y\.m2\repository\org\seleniumhq\selenium\selenium-firefox-driver\4.7.2\selenium-firefox-driver-4.7.2.jar;C:\Users\3DX2Y\.m2\repository\org\seleniumhq\selenium\selenium-http\4.7.2\selenium-http-4.7.2.jar;C:\Users\3DX2Y\.m2\repository\dev\failsafe\failsafe\3.3.0\failsafe-3.3.0.jar;C:\Users\3DX2Y\.m2\repository\org\seleniumhq\selenium\selenium-ie-driver\4.7.2\selenium-ie-driver-4.7.2.jar;C:\Users\3DX2Y\.m2\repository\org\seleniumhq\selenium\selenium-remote-driver\4.7.2\selenium-remote-driver-4.7.2.jar;C:\Users\3DX2Y\.m2\repository\com\beust\jcommander\1.82\jcommander-1.82.jar;C:\Users\3DX2Y\.m2\repository\io\netty\netty-buffer\4.1.84.Final\netty-buffer-4.1.84.Final.jar;C:\Users\3DX2Y\.m2\repository\io\netty\netty-codec-http\4.1.84.Final\netty-codec-http-4.1.84.Final.jar;C:\Users\3DX2Y\.m2\repository\io\netty\netty-codec\4.1.84.Final\netty-codec-4.1.84.Final.jar;C:\Users\3DX2Y\.m2\repository\io\netty\netty-handler\4.1.84.Final\netty-handler-4.1.84.Final.jar;C:\Users\3DX2Y\.m2\repository\io\netty\netty-common\4.1.84.Final\netty-common-4.1.84.Final.jar;C:\Users\3DX2Y\.m2\repository\io\netty\netty-transport-classes-epoll\4.1.84.Final\netty-transport-classes-epoll-4.1.84.Final.jar;C:\Users\3DX2Y\.m2\repository\io\netty\netty-transport-classes-kqueue\4.1.84.Final\netty-transport-classes-kqueue-4.1.84.Final.jar;C:\Users\3DX2Y\.m2\repository\io\netty\netty-transport-native-epoll\4.1.84.Final\netty-transport-native-epoll-4.1.84.Final.jar;C:\Users\3DX2Y\.m2\repository\io\netty\netty-transport-native-kqueue\4.1.84.Final\netty-transport-native-kqueue-4.1.84.Final.jar;C:\Users\3DX2Y\.m2\repository\io\netty\netty-transport-native-unix-common\4.1.84.Final\netty-transport-native-unix-common-4.1.84.Final.jar;C:\Users\3DX2Y\.m2\repository\io\netty\netty-transport\4.1.84.Final\netty-transport-4.1.84.Final.jar;C:\Users\3DX2Y\.m2\repository\io\netty\netty-resolver\4.1.84.Final\netty-resolver-4.1.84.Final.jar;C:\Users\3DX2Y\.m2\repository\io\opentelemetry\opentelemetry-api\1.19.0\opentelemetry-api-1.19.0.jar;C:\Users\3DX2Y\.m2\repository\io\opentelemetry\opentelemetry-context\1.19.0\opentelemetry-context-1.19.0.jar;C:\Users\3DX2Y\.m2\repository\io\opentelemetry\opentelemetry-exporter-logging\1.19.0\opentelemetry-exporter-logging-1.19.0.jar;C:\Users\3DX2Y\.m2\repository\io\opentelemetry\opentelemetry-sdk-metrics\1.19.0\opentelemetry-sdk-metrics-1.19.0.jar;C:\Users\3DX2Y\.m2\repository\io\opentelemetry\opentelemetry-sdk-logs\1.19.0-alpha\opentelemetry-sdk-logs-1.19.0-alpha.jar;C:\Users\3DX2Y\.m2\repository\io\opentelemetry\opentelemetry-api-logs\1.19.0-alpha\opentelemetry-api-logs-1.19.0-alpha.jar;C:\Users\3DX2Y\.m2\repository\io\opentelemetry\opentelemetry-sdk-common\1.19.0\opentelemetry-sdk-common-1.19.0.jar;C:\Users\3DX2Y\.m2\repository\io\opentelemetry\opentelemetry-sdk-extension-autoconfigure-spi\1.19.0\opentelemetry-sdk-extension-autoconfigure-spi-1.19.0.jar;C:\Users\3DX2Y\.m2\repository\io\opentelemetry\opentelemetry-sdk-extension-autoconfigure\1.19.0-alpha\opentelemetry-sdk-extension-autoconfigure-1.19.0-alpha.jar;C:\Users\3DX2Y\.m2\repository\io\opentelemetry\opentelemetry-exporter-common\1.19.0\opentelemetry-exporter-common-1.19.0.jar;C:\Users\3DX2Y\.m2\repository\io\opentelemetry\opentelemetry-sdk-trace\1.19.0\opentelemetry-sdk-trace-1.19.0.jar;C:\Users\3DX2Y\.m2\repository\io\opentelemetry\opentelemetry-sdk\1.19.0\opentelemetry-sdk-1.19.0.jar;C:\Users\3DX2Y\.m2\repository\io\opentelemetry\opentelemetry-semconv\1.19.0-alpha\opentelemetry-semconv-1.19.0-alpha.jar;C:\Users\3DX2Y\.m2\repository\io\ous\jtoml\2.0.0\jtoml-2.0.0.jar;C:\Users\3DX2Y\.m2\repository\net\bytebuddy\byte-buddy\1.12.18\byte-buddy-1.12.18.jar;C:\Users\3DX2Y\.m2\repository\org\apache\commons\commons-exec\1.3\commons-exec-1.3.jar;C:\Users\3DX2Y\.m2\repository\org\asynchttpclient\async-http-client\2.12.3\async-http-client-2.12.3.jar;C:\Users\3DX2Y\.m2\repository\org\asynchttpclient\async-http-client-netty-utils\2.12.3\async-http-client-netty-utils-2.12.3.jar;C:\Users\3DX2Y\.m2\repository\io\netty\netty-codec-socks\4.1.60.Final\netty-codec-socks-4.1.60.Final.jar;C:\Users\3DX2Y\.m2\repository\io\netty\netty-handler-proxy\4.1.60.Final\netty-handler-proxy-4.1.60.Final.jar;C:\Users\3DX2Y\.m2\repository\io\netty\netty-transport-native-epoll\4.1.60.Final\netty-transport-native-epoll-4.1.60.Final-linux-x86_64.jar;C:\Users\3DX2Y\.m2\repository\io\netty\netty-transport-native-kqueue\4.1.60.Final\netty-transport-native-kqueue-4.1.60.Final-osx-x86_64.jar;C:\Users\3DX2Y\.m2\repository\org\reactivestreams\reactive-streams\1.0.3\reactive-streams-1.0.3.jar;C:\Users\3DX2Y\.m2\repository\com\typesafe\netty\netty-reactive-streams\2.0.4\netty-reactive-streams-2.0.4.jar;C:\Users\3DX2Y\.m2\repository\com\sun\activation\jakarta.activation\1.2.2\jakarta.activation-1.2.2.jar;C:\Users\3DX2Y\.m2\repository\org\seleniumhq\selenium\selenium-manager\4.7.2\selenium-manager-4.7.2.jar;C:\Users\3DX2Y\.m2\repository\org\seleniumhq\selenium\selenium-safari-driver\4.7.2\selenium-safari-driver-4.7.2.jar;C:\Users\3DX2Y\.m2\repository\org\seleniumhq\selenium\selenium-support\4.7.2\selenium-support-4.7.2.jar;C:\Users\3DX2Y\.m2\repository\io\cucumber\cucumber-java\7.11.0\cucumber-java-7.11.0.jar;C:\Users\3DX2Y\.m2\repository\io\cucumber\cucumber-core\7.11.0\cucumber-core-7.11.0.jar;C:\Users\3DX2Y\.m2\repository\io\cucumber\cucumber-gherkin\7.11.0\cucumber-gherkin-7.11.0.jar;C:\Users\3DX2Y\.m2\repository\io\cucumber\cucumber-gherkin-messages\7.11.0\cucumber-gherkin-messages-7.11.0.jar;C:\Users\3DX2Y\.m2\repository\io\cucumber\gherkin\26.0.3\gherkin-26.0.3.jar;C:\Users\3DX2Y\.m2\repository\io\cucumber\messages\21.0.1\messages-21.0.1.jar;C:\Users\3DX2Y\.m2\repository\io\cucumber\tag-expressions\5.0.1\tag-expressions-5.0.1.jar;C:\Users\3DX2Y\.m2\repository\io\cucumber\cucumber-expressions\16.1.1\cucumber-expressions-16.1.1.jar;C:\Users\3DX2Y\.m2\repository\io\cucumber\datatable\7.11.0\datatable-7.11.0.jar;C:\Users\3DX2Y\.m2\repository\io\cucumber\cucumber-plugin\7.11.0\cucumber-plugin-7.11.0.jar;C:\Users\3DX2Y\.m2\repository\io\cucumber\docstring\7.11.0\docstring-7.11.0.jar;C:\Users\3DX2Y\.m2\repository\io\cucumber\html-formatter\20.2.1\html-formatter-20.2.1.jar;C:\Users\3DX2Y\.m2\repository\io\cucumber\junit-xml-formatter\0.1.0\junit-xml-formatter-0.1.0.jar;C:\Users\3DX2Y\.m2\repository\io\cucumber\ci-environment\9.1.0\ci-environment-9.1.0.jar;C:\Users\3DX2Y\.m2\repository\org\apiguardian\apiguardian-api\1.1.2\apiguardian-api-1.1.2.jar;C:\Users\3DX2Y\.m2\repository\io\cucumber\cucumber-testng\7.11.0\cucumber-testng-7.11.0.jar;C:\Users\3DX2Y\.m2\repository\org\testng\testng\7.7.1\testng-7.7.1.jar;C:\Users\3DX2Y\.m2\repository\org\webjars\jquery\3.6.1\jquery-3.6.1.jar;C:\Users\3DX2Y\.m2\repository\io\github\bonigarcia\webdrivermanager\5.3.2\webdrivermanager-5.3.2.jar;C:\Users\3DX2Y\.m2\repository\org\slf4j\slf4j-api\2.0.6\slf4j-api-2.0.6.jar;C:\Users\3DX2Y\.m2\repository\com\google\code\gson\gson\2.10.1\gson-2.10.1.jar;C:\Users\3DX2Y\.m2\repository\com\github\docker-java\docker-java\3.2.14\docker-java-3.2.14.jar;C:\Users\3DX2Y\.m2\repository\com\github\docker-java\docker-java-core\3.2.14\docker-java-core-3.2.14.jar;C:\Users\3DX2Y\.m2\repository\com\github\docker-java\docker-java-api\3.2.14\docker-java-api-3.2.14.jar;C:\Users\3DX2Y\.m2\repository\com\fasterxml\jackson\core\jackson-annotations\2.10.3\jackson-annotations-2.10.3.jar;C:\Users\3DX2Y\.m2\repository\commons-io\commons-io\2.6\commons-io-2.6.jar;C:\Users\3DX2Y\.m2\repository\org\apache\commons\commons-compress\1.21\commons-compress-1.21.jar;C:\Users\3DX2Y\.m2\repository\com\fasterxml\jackson\core\jackson-databind\2.10.3\jackson-databind-2.10.3.jar;C:\Users\3DX2Y\.m2\repository\com\fasterxml\jackson\core\jackson-core\2.10.3\jackson-core-2.10.3.jar;C:\Users\3DX2Y\.m2\repository\org\bouncycastle\bcpkix-jdk15on\1.64\bcpkix-jdk15on-1.64.jar;C:\Users\3DX2Y\.m2\repository\org\bouncycastle\bcprov-jdk15on\1.64\bcprov-jdk15on-1.64.jar;C:\Users\3DX2Y\.m2\repository\org\slf4j\jcl-over-slf4j\1.7.30\jcl-over-slf4j-1.7.30.jar;C:\Users\3DX2Y\.m2\repository\com\github\docker-java\docker-java-transport-httpclient5\3.2.14\docker-java-transport-httpclient5-3.2.14.jar;C:\Users\3DX2Y\.m2\repository\com\github\docker-java\docker-java-transport\3.2.14\docker-java-transport-3.2.14.jar;C:\Users\3DX2Y\.m2\repository\net\java\dev\jna\jna\5.12.1\jna-5.12.1.jar;C:\Users\3DX2Y\.m2\repository\org\brotli\dec\0.1.2\dec-0.1.2.jar;C:\Users\3DX2Y\.m2\repository\org\apache\commons\commons-lang3\3.12.0\commons-lang3-3.12.0.jar;C:\Users\3DX2Y\.m2\repository\org\apache\httpcomponents\client5\httpclient5\5.2.1\httpclient5-5.2.1.jar;C:\Users\3DX2Y\.m2\repository\org\apache\httpcomponents\core5\httpcore5\5.2\httpcore5-5.2.jar;C:\Users\3DX2Y\.m2\repository\org\apache\httpcomponents\core5\httpcore5-h2\5.2\httpcore5-h2-5.2.jar;C:\Users\3DX2Y\.m2\repository\org\apache\commons\commons-text\1.8\commons-text-1.8.jar;"/>
    <property name="sun.cpu.endian" value="little"/>
    <property name="user.home" value="C:\Users\3DX2Y"/>
    <property name="user.language" value="en"/>
    <property name="java.specification.vendor" value="Oracle Corporation"/>
    <property name="java.version.date" value="2022-10-18"/>
    <property name="java.home" value="C:\Program Files\Amazon Corretto\jdk11.0.17_8"/>
    <property name="file.separator" value="\"/>
    <property name="basedir" value="F:\TestingPractice\SeleniumPrac"/>
    <property name="java.vm.compressedOopsMode" value="32-bit"/>
    <property name="line.separator" value="&#10;"/>
    <property name="java.specification.name" value="Java Platform API Specification"/>
    <property name="java.vm.specification.vendor" value="Oracle Corporation"/>
    <property name="java.awt.graphicsenv" value="sun.awt.Win32GraphicsEnvironment"/>
    <property name="surefire.real.class.path" value="C:\Users\3DX2Y\AppData\Local\Temp\surefire17232612399365257180\surefirebooter-20230203222707676_3.jar"/>
    <property name="user.script" value=""/>
    <property name="sun.management.compiler" value="HotSpot 64-Bit Tiered Compilers"/>
    <property name="java.runtime.version" value="11.0.17+8-LTS"/>
    <property name="user.name" value="3DX2Y"/>
    <property name="path.separator" value=";"/>
    <property name="os.version" value="10.0"/>
    <property name="java.runtime.name" value="OpenJDK Runtime Environment"/>
    <property name="file.encoding" value="Cp1252"/>
    <property name="java.vm.name" value="OpenJDK 64-Bit Server VM"/>
    <property name="java.vendor.version" value="Corretto-11.0.17.8.1"/>
    <property name="localRepository" value="C:\Users\3DX2Y\.m2\repository"/>
    <property name="java.vendor.url.bug" value="https://github.com/corretto/corretto-11/issues/"/>
    <property name="java.io.tmpdir" value="C:\Users\3DX2Y\AppData\Local\Temp\"/>
    <property name="idea.version" value="2022.2.3"/>
    <property name="java.version" value="11.0.17"/>
    <property name="user.dir" value="F:\TestingPractice\SeleniumPrac"/>
    <property name="os.arch" value="amd64"/>
    <property name="java.vm.specification.name" value="Java Virtual Machine Specification"/>
    <property name="java.awt.printerjob" value="sun.awt.windows.WPrinterJob"/>
    <property name="sun.os.patch.level" value=""/>
    <property name="java.library.path" value="C:\Program Files\Amazon Corretto\jdk11.0.17_8\bin;C:\Windows\Sun\Java\bin;C:\Windows\system32;C:\Windows;C:\Program Files\Amazon Corretto\jdk11.0.17_8\bin;C:\ProgramData\Oracle\Java\javapath;C:\Windows\system32;C:\Windows;C:\Windows\System32\Wbem;C:\Windows\System32\WindowsPowerShell\v1.0\;C:\Windows\System32\OpenSSH\;C:\Program Files (x86)\NVIDIA Corporation\PhysX\Common;C:\Program Files\NVIDIA Corporation\NVIDIA NvDLISR;C:\Windows\system32;C:\Windows;C:\Windows\System32\Wbem;C:\Windows\System32\WindowsPowerShell\v1.0\;C:\Windows\System32\OpenSSH\;C:\Program Files\dotnet\;C:\Program Files\Cloudflare\Cloudflare WARP\;C:\Program Files\Microsoft SQL Server\Client SDK\ODBC\110\Tools\Binn\;C:\Program Files (x86)\Microsoft SQL Server\120\Tools\Binn\;C:\Program Files\Microsoft SQL Server\120\Tools\Binn\;C:\Program Files\Microsoft SQL Server\120\DTS\Binn\;C:\Program Files (x86)\Microsoft SQL Server\120\Tools\Binn\ManagementStudio\;C:\Program Files (x86)\Microsoft SQL Server\120\DTS\Binn\;C:\ProgramData\ComposerSetup\bin;C:\Program Files\nodejs\;C:\Program Files\Git\cmd;C:\Program Files\sql\sqlite-tools-win32-x86-3400000;C:\MinGW;C:\platform-tools;C:\Users\3DX2Y\AppData\Local\Programs\Python\Python310\Scripts\;C:\Users\3DX2Y\AppData\Local\Programs\Python\Python310\;C:\Users\3DX2Y\AppData\Local\Programs\Python\Launcher\;C:\Users\3DX2Y\AppData\Local\Microsoft\WindowsApps;F:\IntelliJ IDEA Community Edition 2022.2.3\bin;;C:\Users\3DX2Y\AppData\Local\GitHubDesktop\bin;C:\Users\3DX2Y\AppData\Local\Programs\Microsoft VS Code\bin;C:\Program Files\sql\sqlite-tools-win32-x86-3400000;C:\Program Files\php;C:\Users\3DX2Y\AppData\Roaming\Composer\vendor\bin;C:\Users\3DX2Y\AppData\Roaming\npm;C:\xampp\php;C:\MinGW\bin;C:\Users\3DX2Y\AppData\Local\Android\Sdk;;."/>
    <property name="java.vm.info" value="mixed mode"/>
    <property name="java.vendor" value="Amazon.com Inc."/>
    <property name="java.vm.version" value="11.0.17+8-LTS"/>
    <property name="sun.io.unicode.encoding" value="UnicodeLittle"/>
    <property name="java.class.version" value="55.0"/>
  </properties>
  <testcase name="runScenario[&quot;guest user could register with valid data successfully&quot;, &quot;F01_Register | users could register with new accounts&quot;](1)" classname="testRunner.runners" time="18.322">
    <system-out><![CDATA[
@smoke
Scenario: guest user could register with valid data successfully &amp#27;[90m# src/main/resources/features/F01_Register.feature:4&amp#27;[0m
  &amp#27;[32mGiven &amp#27;[0m&amp#27;[32muser go to register page&amp#27;[0m                                 &amp#27;[90m# stepDefs.D01_registerStepDef.goRegisterPage()&amp#27;[0m
  &amp#27;[32mAnd &amp#27;[0m&amp#27;[32muser select gender type&amp#27;[0m                                    &amp#27;[90m# stepDefs.D01_registerStepDef.user_select_gender_type()&amp#27;[0m
  &amp#27;[32mAnd &amp#27;[0m&amp#27;[32muser enter first name &amp#27;[0m&amp#27;[32m&amp#27;[1m"automation"&amp#27;[0m&amp#27;[32m and last name &amp#27;[0m&amp#27;[32m&amp#27;[1m"tester"&amp#27;[0m  &amp#27;[90m# stepDefs.D01_registerStepDef.user_enter_first_name_and_last_name(java.lang.String,java.lang.String)&amp#27;[0m
  &amp#27;[32mAnd &amp#27;[0m&amp#27;[32muser enter date of birth&amp#27;[0m                                   &amp#27;[90m# stepDefs.D01_registerStepDef.user_enter_date_of_birth()&amp#27;[0m
  &amp#27;[32mAnd &amp#27;[0m&amp#27;[32muser enter email &amp#27;[0m&amp#27;[32m&amp#27;[1m"test@example.com"&amp#27;[0m&amp#27;[32m field&amp#27;[0m                  &amp#27;[90m# stepDefs.D01_registerStepDef.user_enter_email_field(java.lang.String)&amp#27;[0m
  &amp#27;[32mAnd &amp#27;[0m&amp#27;[32muser fills Password fields &amp#27;[0m&amp#27;[32m&amp#27;[1m"P@ssw0rd"&amp#27;[0m&amp#27;[32m &amp#27;[0m&amp#27;[32m&amp#27;[1m"P@ssw0rd"&amp#27;[0m           &amp#27;[90m# stepDefs.D01_registerStepDef.user_fills_password_fields(java.lang.String,java.lang.String)&amp#27;[0m
  &amp#27;[32mAnd &amp#27;[0m&amp#27;[32muser clicks on register button&amp#27;[0m                             &amp#27;[90m# stepDefs.D01_registerStepDef.user_clicks_on_register_button()&amp#27;[0m
  &amp#27;[32mThen &amp#27;[0m&amp#27;[32msuccess message is displayed&amp#27;[0m                              &amp#27;[90m# stepDefs.D01_registerStepDef.success_message_is_displayed()&amp#27;[0m
]]></system-out>
    <system-err><![CDATA[SLF4J: No SLF4J providers were found.
SLF4J: Defaulting to no-operation (NOP) logger implementation
SLF4J: See https://www.slf4j.org/codes.html#noProviders for further details.
Starting Microsoft Edge WebDriver 109.0.1518.70 (f787d2c3a4185501adc55d95d53ce7cf872db7c3) on port 19287
To submit feedback, report a bug, or suggest new features, please visit https://github.com/MicrosoftEdge/EdgeWebDriver

Only local connections are allowed.
Please see https://aka.ms/WebDriverSecurity for suggestions on keeping Microsoft Edge WebDriver safe.

Microsoft Edge WebDriver was started successfully.
Feb 03, 2023 10:27:19 PM org.openqa.selenium.devtools.CdpVersionFinder findNearestMatch
WARNING: Unable to find an exact match for CDP version 109, so returning the closest version found: 108
]]></system-err>
  </testcase>
  <testcase name="runScenario[&quot;user could login with valid email and password&quot;, &quot;F02_Login | users could use login functionality to use their accounts&quot;](2)" classname="testRunner.runners" time="9.61">
    <system-out><![CDATA[
@smoke
Scenario: user could login with valid email and password       &amp#27;[90m# src/main/resources/features/F02_login.feature:4&amp#27;[0m
  &amp#27;[32mGiven &amp#27;[0m&amp#27;[32muser go to login page&amp#27;[0m                                  &amp#27;[90m# stepDefs.D02_loginStepDef.user_go_to_login_page()&amp#27;[0m
  &amp#27;[32mWhen &amp#27;[0m&amp#27;[32mlogin with valid info &amp#27;[0m&amp#27;[32m&amp#27;[1m"test@example.com"&amp#27;[0m&amp#27;[32m and &amp#27;[0m&amp#27;[32m&amp#27;[1m"P@ssw0rd"&amp#27;[0m &amp#27;[90m# stepDefs.D02_loginStepDef.login_with_valid(java.lang.String,java.lang.String)&amp#27;[0m
  &amp#27;[32mAnd &amp#27;[0m&amp#27;[32muser press on login button&amp#27;[0m                               &amp#27;[90m# stepDefs.D02_loginStepDef.user_press_on_login_button()&amp#27;[0m
  &amp#27;[32mThen &amp#27;[0m&amp#27;[32muser login to the system successfully&amp#27;[0m                   &amp#27;[90m# stepDefs.D02_loginStepDef.user_login_to_the_system_successfully()&amp#27;[0m
]]></system-out>
    <system-err><![CDATA[Starting Microsoft Edge WebDriver 109.0.1518.70 (f787d2c3a4185501adc55d95d53ce7cf872db7c3) on port 31622
To submit feedback, report a bug, or suggest new features, please visit https://github.com/MicrosoftEdge/EdgeWebDriver

Only local connections are allowed.
Please see https://aka.ms/WebDriverSecurity for suggestions on keeping Microsoft Edge WebDriver safe.

Microsoft Edge WebDriver was started successfully.
Feb 03, 2023 10:27:31 PM org.openqa.selenium.devtools.CdpVersionFinder findNearestMatch
WARNING: Unable to find an exact match for CDP version 109, so returning the closest version found: 108
]]></system-err>
  </testcase>
  <testcase name="runScenario[&quot;user could login with invalid email and password&quot;, &quot;F02_Login | users could use login functionality to use their accounts&quot;](3)" classname="testRunner.runners" time="19.582">
    <system-out><![CDATA[
@smoke
Scenario: user could login with invalid email and password               &amp#27;[90m# src/main/resources/features/F02_login.feature:10&amp#27;[0m
  &amp#27;[32mGiven &amp#27;[0m&amp#27;[32muser go to login page&amp#27;[0m                                            &amp#27;[90m# stepDefs.D02_loginStepDef.user_go_to_login_page()&amp#27;[0m
  &amp#27;[32mWhen &amp#27;[0m&amp#27;[32muser login with invalid info &amp#27;[0m&amp#27;[32m&amp#27;[1m"test@example1.com12"&amp#27;[0m&amp#27;[32m and &amp#27;[0m&amp#27;[32m&amp#27;[1m"P@ssw0rd"&amp#27;[0m &amp#27;[90m# stepDefs.D02_loginStepDef.userLoginWithInvalidInfoAnd(java.lang.String,java.lang.String)&amp#27;[0m
  &amp#27;[32mAnd &amp#27;[0m&amp#27;[32muser press on login button&amp#27;[0m                                         &amp#27;[90m# stepDefs.D02_loginStepDef.user_press_on_login_button()&amp#27;[0m
  &amp#27;[32mThen &amp#27;[0m&amp#27;[32muser could not login to the system&amp#27;[0m                                &amp#27;[90m# stepDefs.D02_loginStepDef.userCouldNotLoginToTheSystem()&amp#27;[0m
]]></system-out>
    <system-err><![CDATA[Starting Microsoft Edge WebDriver 109.0.1518.70 (f787d2c3a4185501adc55d95d53ce7cf872db7c3) on port 38993
To submit feedback, report a bug, or suggest new features, please visit https://github.com/MicrosoftEdge/EdgeWebDriver

Only local connections are allowed.
Please see https://aka.ms/WebDriverSecurity for suggestions on keeping Microsoft Edge WebDriver safe.

Microsoft Edge WebDriver was started successfully.
Feb 03, 2023 10:27:40 PM org.openqa.selenium.devtools.CdpVersionFinder findNearestMatch
WARNING: Unable to find an exact match for CDP version 109, so returning the closest version found: 108
]]></system-err>
  </testcase>
  <testcase name="runScenario[&quot;Currency display correctly according to selection&quot;, &quot;F03_Currency | Currency display correctly according to selection&quot;](4)" classname="testRunner.runners" time="8.756">
    <system-out><![CDATA[
@smoke
Scenario: Currency display correctly according to selection &amp#27;[90m# src/main/resources/features/F03_currency.feature:4&amp#27;[0m
  &amp#27;[32mGiven &amp#27;[0m&amp#27;[32muser press on currency button and selects euro&amp#27;[0m      &amp#27;[90m# stepDefs.D03_currency.user_selects_euro()&amp#27;[0m
  &amp#27;[32mThen &amp#27;[0m&amp#27;[32mâ‚¬ should be displayed for product currency&amp#27;[0m           &amp#27;[90m# stepDefs.D03_currency.euroVerificationSymbol()&amp#27;[0m
]]></system-out>
    <system-err><![CDATA[Starting Microsoft Edge WebDriver 109.0.1518.70 (f787d2c3a4185501adc55d95d53ce7cf872db7c3) on port 40290
To submit feedback, report a bug, or suggest new features, please visit https://github.com/MicrosoftEdge/EdgeWebDriver

Only local connections are allowed.
Please see https://aka.ms/WebDriverSecurity for suggestions on keeping Microsoft Edge WebDriver safe.

Microsoft Edge WebDriver was started successfully.
Feb 03, 2023 10:28:00 PM org.openqa.selenium.devtools.CdpVersionFinder findNearestMatch
WARNING: Unable to find an exact match for CDP version 109, so returning the closest version found: 108
]]></system-err>
  </testcase>
  <testcase name="runScenario[&quot;user could search using product name&quot;, &quot;F04_hover | User could search using product name or serial&quot;](5)" classname="testRunner.runners" time="8.494">
    <failure message="expected [true] but found [false]" type="java.lang.AssertionError"><![CDATA[java.lang.AssertionError: expected [true] but found [false]
	at org.testng.Assert.fail(Assert.java:110)
	at org.testng.Assert.failNotEquals(Assert.java:1577)
	at org.testng.Assert.assertTrue(Assert.java:56)
	at org.testng.Assert.assertTrue(Assert.java:66)
	at stepDefs.D04_search.should_appear_in_the_search_results(D04_search.java:24)
	at ✽."book" should appear in the search results(file:///F:/TestingPractice/SeleniumPrac/src/main/resources/features/F04_search.feature:6)
]]></failure>
    <system-out><![CDATA[
@smoke
Scenario Outline: user could search using product name &amp#27;[90m# src/main/resources/features/F04_search.feature:10&amp#27;[0m
  &amp#27;[32mWhen &amp#27;[0m&amp#27;[32muser searches for &amp#27;[0m&amp#27;[32m&amp#27;[1m"book"&amp#27;[0m                        &amp#27;[90m# stepDefs.D04_search.user_searches_for(java.lang.String)&amp#27;[0m
  &amp#27;[31mThen &amp#27;[0m&amp#27;[31m&amp#27;[0m&amp#27;[31m&amp#27;[1m"book"&amp#27;[0m&amp#27;[31m should appear in the search results&amp#27;[0m      &amp#27;[90m# stepDefs.D04_search.should_appear_in_the_search_results(java.lang.String)&amp#27;[0m
      &amp#27;[31mjava.lang.AssertionError: expected [true] but found [false]
	at org.testng.Assert.fail(Assert.java:110)
	at org.testng.Assert.failNotEquals(Assert.java:1577)
	at org.testng.Assert.assertTrue(Assert.java:56)
	at org.testng.Assert.assertTrue(Assert.java:66)
	at stepDefs.D04_search.should_appear_in_the_search_results(D04_search.java:24)
	at âœ½."book" should appear in the search results(file:///F:/TestingPractice/SeleniumPrac/src/main/resources/features/F04_search.feature:6)
&amp#27;[0m
]]></system-out>
    <system-err><![CDATA[Starting Microsoft Edge WebDriver 109.0.1518.70 (f787d2c3a4185501adc55d95d53ce7cf872db7c3) on port 24584
To submit feedback, report a bug, or suggest new features, please visit https://github.com/MicrosoftEdge/EdgeWebDriver

Only local connections are allowed.
Please see https://aka.ms/WebDriverSecurity for suggestions on keeping Microsoft Edge WebDriver safe.

Microsoft Edge WebDriver was started successfully.
Feb 03, 2023 10:28:08 PM org.openqa.selenium.devtools.CdpVersionFinder findNearestMatch
WARNING: Unable to find an exact match for CDP version 109, so returning the closest version found: 108
]]></system-err>
  </testcase>
  <testcase name="runScenario[&quot;user could search using product name&quot;, &quot;F04_hover | User could search using product name or serial&quot;](6)" classname="testRunner.runners" time="9.716">
    <system-out><![CDATA[
@smoke
Scenario Outline: user could search using product name &amp#27;[90m# src/main/resources/features/F04_search.feature:11&amp#27;[0m
  &amp#27;[32mWhen &amp#27;[0m&amp#27;[32muser searches for &amp#27;[0m&amp#27;[32m&amp#27;[1m"laptop"&amp#27;[0m                      &amp#27;[90m# stepDefs.D04_search.user_searches_for(java.lang.String)&amp#27;[0m
  &amp#27;[32mThen &amp#27;[0m&amp#27;[32m&amp#27;[0m&amp#27;[32m&amp#27;[1m"laptop"&amp#27;[0m&amp#27;[32m should appear in the search results&amp#27;[0m    &amp#27;[90m# stepDefs.D04_search.should_appear_in_the_search_results(java.lang.String)&amp#27;[0m
]]></system-out>
    <system-err><![CDATA[Starting Microsoft Edge WebDriver 109.0.1518.70 (f787d2c3a4185501adc55d95d53ce7cf872db7c3) on port 12418
To submit feedback, report a bug, or suggest new features, please visit https://github.com/MicrosoftEdge/EdgeWebDriver

Only local connections are allowed.
Please see https://aka.ms/WebDriverSecurity for suggestions on keeping Microsoft Edge WebDriver safe.

Microsoft Edge WebDriver was started successfully.
Feb 03, 2023 10:28:17 PM org.openqa.selenium.devtools.CdpVersionFinder findNearestMatch
WARNING: Unable to find an exact match for CDP version 109, so returning the closest version found: 108
]]></system-err>
  </testcase>
  <testcase name="runScenario[&quot;user could search using product name&quot;, &quot;F04_hover | User could search using product name or serial&quot;](7)" classname="testRunner.runners" time="9.516">
    <system-out><![CDATA[
@smoke
Scenario Outline: user could search using product name &amp#27;[90m# src/main/resources/features/F04_search.feature:12&amp#27;[0m
  &amp#27;[32mWhen &amp#27;[0m&amp#27;[32muser searches for &amp#27;[0m&amp#27;[32m&amp#27;[1m"nike"&amp#27;[0m                        &amp#27;[90m# stepDefs.D04_search.user_searches_for(java.lang.String)&amp#27;[0m
  &amp#27;[32mThen &amp#27;[0m&amp#27;[32m&amp#27;[0m&amp#27;[32m&amp#27;[1m"nike"&amp#27;[0m&amp#27;[32m should appear in the search results&amp#27;[0m      &amp#27;[90m# stepDefs.D04_search.should_appear_in_the_search_results(java.lang.String)&amp#27;[0m
]]></system-out>
    <system-err><![CDATA[Starting Microsoft Edge WebDriver 109.0.1518.70 (f787d2c3a4185501adc55d95d53ce7cf872db7c3) on port 39842
To submit feedback, report a bug, or suggest new features, please visit https://github.com/MicrosoftEdge/EdgeWebDriver

Only local connections are allowed.
Please see https://aka.ms/WebDriverSecurity for suggestions on keeping Microsoft Edge WebDriver safe.

Microsoft Edge WebDriver was started successfully.
Feb 03, 2023 10:28:27 PM org.openqa.selenium.devtools.CdpVersionFinder findNearestMatch
WARNING: Unable to find an exact match for CDP version 109, so returning the closest version found: 108
]]></system-err>
  </testcase>
  <testcase name="runScenario[&quot;user could search for product using sku&quot;, &quot;F04_hover | User could search using product name or serial&quot;](8)" classname="testRunner.runners" time="12.603">
    <system-out><![CDATA[
@smoke
Scenario Outline: user could search for product using sku               &amp#27;[90m# src/main/resources/features/F04_search.feature:20&amp#27;[0m
  &amp#27;[32mGiven &amp#27;[0m&amp#27;[32muser searches for &amp#27;[0m&amp#27;[32m&amp#27;[1m"SCI_FAITH"&amp#27;[0m                                   &amp#27;[90m# stepDefs.D04_search.user_searches_for(java.lang.String)&amp#27;[0m
  &amp#27;[32mThen &amp#27;[0m&amp#27;[32muser clicks on each product and checks if sku matches&amp#27;[0m&amp#27;[32m&amp#27;[1m"SCI_FAITH"&amp#27;[0m &amp#27;[90m# stepDefs.D04_search.userClicksOnEachProductAndChecksIfSkuMatchesSku(java.lang.String)&amp#27;[0m
]]></system-out>
    <system-err><![CDATA[Starting Microsoft Edge WebDriver 109.0.1518.70 (f787d2c3a4185501adc55d95d53ce7cf872db7c3) on port 35093
To submit feedback, report a bug, or suggest new features, please visit https://github.com/MicrosoftEdge/EdgeWebDriver

Only local connections are allowed.
Please see https://aka.ms/WebDriverSecurity for suggestions on keeping Microsoft Edge WebDriver safe.

Microsoft Edge WebDriver was started successfully.
Feb 03, 2023 10:28:36 PM org.openqa.selenium.devtools.CdpVersionFinder findNearestMatch
WARNING: Unable to find an exact match for CDP version 109, so returning the closest version found: 108
]]></system-err>
  </testcase>
  <testcase name="runScenario[&quot;user could search for product using sku&quot;, &quot;F04_hover | User could search using product name or serial&quot;](9)" classname="testRunner.runners" time="10.461">
    <system-out><![CDATA[
@smoke
Scenario Outline: user could search for product using sku               &amp#27;[90m# src/main/resources/features/F04_search.feature:21&amp#27;[0m
  &amp#27;[32mGiven &amp#27;[0m&amp#27;[32muser searches for &amp#27;[0m&amp#27;[32m&amp#27;[1m"APPLE_CAM"&amp#27;[0m                                   &amp#27;[90m# stepDefs.D04_search.user_searches_for(java.lang.String)&amp#27;[0m
  &amp#27;[32mThen &amp#27;[0m&amp#27;[32muser clicks on each product and checks if sku matches&amp#27;[0m&amp#27;[32m&amp#27;[1m"APPLE_CAM"&amp#27;[0m &amp#27;[90m# stepDefs.D04_search.userClicksOnEachProductAndChecksIfSkuMatchesSku(java.lang.String)&amp#27;[0m
]]></system-out>
    <system-err><![CDATA[Starting Microsoft Edge WebDriver 109.0.1518.70 (f787d2c3a4185501adc55d95d53ce7cf872db7c3) on port 22588
To submit feedback, report a bug, or suggest new features, please visit https://github.com/MicrosoftEdge/EdgeWebDriver

Only local connections are allowed.
Please see https://aka.ms/WebDriverSecurity for suggestions on keeping Microsoft Edge WebDriver safe.

Microsoft Edge WebDriver was started successfully.
Feb 03, 2023 10:28:49 PM org.openqa.selenium.devtools.CdpVersionFinder findNearestMatch
WARNING: Unable to find an exact match for CDP version 109, so returning the closest version found: 108
]]></system-err>
  </testcase>
  <testcase name="runScenario[&quot;user could search for product using sku&quot;, &quot;F04_hover | User could search using product name or serial&quot;](10)" classname="testRunner.runners" time="11.656">
    <system-out><![CDATA[
@smoke
Scenario Outline: user could search for product using sku               &amp#27;[90m# src/main/resources/features/F04_search.feature:22&amp#27;[0m
  &amp#27;[32mGiven &amp#27;[0m&amp#27;[32muser searches for &amp#27;[0m&amp#27;[32m&amp#27;[1m"SF_PRO_11"&amp#27;[0m                                   &amp#27;[90m# stepDefs.D04_search.user_searches_for(java.lang.String)&amp#27;[0m
  &amp#27;[32mThen &amp#27;[0m&amp#27;[32muser clicks on each product and checks if sku matches&amp#27;[0m&amp#27;[32m&amp#27;[1m"SF_PRO_11"&amp#27;[0m &amp#27;[90m# stepDefs.D04_search.userClicksOnEachProductAndChecksIfSkuMatchesSku(java.lang.String)&amp#27;[0m
]]></system-out>
    <system-err><![CDATA[Starting Microsoft Edge WebDriver 109.0.1518.70 (f787d2c3a4185501adc55d95d53ce7cf872db7c3) on port 30683
To submit feedback, report a bug, or suggest new features, please visit https://github.com/MicrosoftEdge/EdgeWebDriver

Only local connections are allowed.
Please see https://aka.ms/WebDriverSecurity for suggestions on keeping Microsoft Edge WebDriver safe.

Microsoft Edge WebDriver was started successfully.
Feb 03, 2023 10:28:59 PM org.openqa.selenium.devtools.CdpVersionFinder findNearestMatch
WARNING: Unable to find an exact match for CDP version 109, so returning the closest version found: 108
]]></system-err>
  </testcase>
  <testcase name="runScenario[&quot;title display correctly&quot;, &quot;F05_hover | Hovering over element and asserting its href value is equal to hover value&quot;](11)" classname="testRunner.runners" time="8.24">
    <system-out><![CDATA[
@smoke
Scenario: title display correctly                                             &amp#27;[90m# src/main/resources/features/F05_hover.feature:4&amp#27;[0m
  &amp#27;[32mGiven &amp#27;[0m&amp#27;[32muser selects random category and selects random subcategory if exists&amp#27;[0m &amp#27;[90m# stepDefs.D05_hover.user_selects_random_category()&amp#27;[0m
  &amp#27;[32mThen &amp#27;[0m&amp#27;[32msub category title is equal to title&amp#27;[0m                                   &amp#27;[90m# stepDefs.D05_hover.sub_category_title_is_equal_to_title()&amp#27;[0m
]]></system-out>
    <system-err><![CDATA[Starting Microsoft Edge WebDriver 109.0.1518.70 (f787d2c3a4185501adc55d95d53ce7cf872db7c3) on port 41428
To submit feedback, report a bug, or suggest new features, please visit https://github.com/MicrosoftEdge/EdgeWebDriver

Only local connections are allowed.
Please see https://aka.ms/WebDriverSecurity for suggestions on keeping Microsoft Edge WebDriver safe.

Microsoft Edge WebDriver was started successfully.
Feb 03, 2023 10:29:11 PM org.openqa.selenium.devtools.CdpVersionFinder findNearestMatch
WARNING: Unable to find an exact match for CDP version 109, so returning the closest version found: 108
]]></system-err>
  </testcase>
  <testcase name="runScenario[&quot;F06_externalLinks | user is redirected to facebook/twitter/rss/youtube links&quot;, &quot;F06_wishList | Clicking external link opens in a new tab and matches href&quot;](12)" classname="testRunner.runners" time="10.858">
    <system-out><![CDATA[
@smoke
Scenario Outline: F06_externalLinks | user is redirected to facebook/twitter/rss/youtube links &amp#27;[90m# src/main/resources/features/F06_externalLinks.feature:10&amp#27;[0m
  &amp#27;[32mGiven &amp#27;[0m&amp#27;[32muser clicks on &amp#27;[0m&amp#27;[32m&amp#27;[1m"Facebook"&amp#27;[0m                                                              &amp#27;[90m# stepDefs.D06_externalLinks.user_clicks_on(java.lang.String)&amp#27;[0m
  &amp#27;[32mAnd &amp#27;[0m&amp#27;[32mlink opens in a new tab&amp#27;[0m                                                                  &amp#27;[90m# stepDefs.D06_externalLinks.link_opens_in_new_tab()&amp#27;[0m
  &amp#27;[32mThen &amp#27;[0m&amp#27;[32mlink matches&amp#27;[0m                                                                            &amp#27;[90m# stepDefs.D06_externalLinks.link_matches()&amp#27;[0m
]]></system-out>
    <system-err><![CDATA[Starting Microsoft Edge WebDriver 109.0.1518.70 (f787d2c3a4185501adc55d95d53ce7cf872db7c3) on port 41651
To submit feedback, report a bug, or suggest new features, please visit https://github.com/MicrosoftEdge/EdgeWebDriver

Only local connections are allowed.
Please see https://aka.ms/WebDriverSecurity for suggestions on keeping Microsoft Edge WebDriver safe.

Microsoft Edge WebDriver was started successfully.
Feb 03, 2023 10:29:19 PM org.openqa.selenium.devtools.CdpVersionFinder findNearestMatch
WARNING: Unable to find an exact match for CDP version 109, so returning the closest version found: 108
]]></system-err>
  </testcase>
  <testcase name="runScenario[&quot;F06_externalLinks | user is redirected to facebook/twitter/rss/youtube links&quot;, &quot;F06_wishList | Clicking external link opens in a new tab and matches href&quot;](13)" classname="testRunner.runners" time="20.686">
    <system-out><![CDATA[
@smoke
Scenario Outline: F06_externalLinks | user is redirected to facebook/twitter/rss/youtube links &amp#27;[90m# src/main/resources/features/F06_externalLinks.feature:11&amp#27;[0m
  &amp#27;[32mGiven &amp#27;[0m&amp#27;[32muser clicks on &amp#27;[0m&amp#27;[32m&amp#27;[1m"Twitter"&amp#27;[0m                                                               &amp#27;[90m# stepDefs.D06_externalLinks.user_clicks_on(java.lang.String)&amp#27;[0m
  &amp#27;[32mAnd &amp#27;[0m&amp#27;[32mlink opens in a new tab&amp#27;[0m                                                                  &amp#27;[90m# stepDefs.D06_externalLinks.link_opens_in_new_tab()&amp#27;[0m
  &amp#27;[32mThen &amp#27;[0m&amp#27;[32mlink matches&amp#27;[0m                                                                            &amp#27;[90m# stepDefs.D06_externalLinks.link_matches()&amp#27;[0m
]]></system-out>
    <system-err><![CDATA[Starting Microsoft Edge WebDriver 109.0.1518.70 (f787d2c3a4185501adc55d95d53ce7cf872db7c3) on port 46160
To submit feedback, report a bug, or suggest new features, please visit https://github.com/MicrosoftEdge/EdgeWebDriver

Only local connections are allowed.
Please see https://aka.ms/WebDriverSecurity for suggestions on keeping Microsoft Edge WebDriver safe.

Microsoft Edge WebDriver was started successfully.
Feb 03, 2023 10:29:31 PM org.openqa.selenium.devtools.CdpVersionFinder findNearestMatch
WARNING: Unable to find an exact match for CDP version 109, so returning the closest version found: 108
]]></system-err>
  </testcase>
  <testcase name="runScenario[&quot;F06_externalLinks | user is redirected to facebook/twitter/rss/youtube links&quot;, &quot;F06_wishList | Clicking external link opens in a new tab and matches href&quot;](14)" classname="testRunner.runners" time="11.157">
    <failure message="expected [true] but found [false]" type="java.lang.AssertionError"><![CDATA[java.lang.AssertionError: expected [true] but found [false]
	at org.testng.Assert.fail(Assert.java:110)
	at org.testng.Assert.failNotEquals(Assert.java:1577)
	at org.testng.Assert.assertTrue(Assert.java:56)
	at org.testng.Assert.assertTrue(Assert.java:66)
	at stepDefs.D06_externalLinks.link_opens_in_new_tab(D06_externalLinks.java:23)
	at ✽.link opens in a new tab(file:///F:/TestingPractice/SeleniumPrac/src/main/resources/features/F06_externalLinks.feature:6)
]]></failure>
    <system-out><![CDATA[
@smoke
Scenario Outline: F06_externalLinks | user is redirected to facebook/twitter/rss/youtube links &amp#27;[90m# src/main/resources/features/F06_externalLinks.feature:12&amp#27;[0m
  &amp#27;[32mGiven &amp#27;[0m&amp#27;[32muser clicks on &amp#27;[0m&amp#27;[32m&amp#27;[1m"RSS"&amp#27;[0m                                                                   &amp#27;[90m# stepDefs.D06_externalLinks.user_clicks_on(java.lang.String)&amp#27;[0m
  &amp#27;[31mAnd &amp#27;[0m&amp#27;[31mlink opens in a new tab&amp#27;[0m                                                                  &amp#27;[90m# stepDefs.D06_externalLinks.link_opens_in_new_tab()&amp#27;[0m
      &amp#27;[31mjava.lang.AssertionError: expected [true] but found [false]
	at org.testng.Assert.fail(Assert.java:110)
	at org.testng.Assert.failNotEquals(Assert.java:1577)
	at org.testng.Assert.assertTrue(Assert.java:56)
	at org.testng.Assert.assertTrue(Assert.java:66)
	at stepDefs.D06_externalLinks.link_opens_in_new_tab(D06_externalLinks.java:23)
	at âœ½.link opens in a new tab(file:///F:/TestingPractice/SeleniumPrac/src/main/resources/features/F06_externalLinks.feature:6)
&amp#27;[0m
  &amp#27;[36mThen &amp#27;[0m&amp#27;[36mlink matches&amp#27;[0m                                                                            &amp#27;[90m# stepDefs.D06_externalLinks.link_matches()&amp#27;[0m
]]></system-out>
    <system-err><![CDATA[Starting Microsoft Edge WebDriver 109.0.1518.70 (f787d2c3a4185501adc55d95d53ce7cf872db7c3) on port 38242
To submit feedback, report a bug, or suggest new features, please visit https://github.com/MicrosoftEdge/EdgeWebDriver

Only local connections are allowed.
Please see https://aka.ms/WebDriverSecurity for suggestions on keeping Microsoft Edge WebDriver safe.

Microsoft Edge WebDriver was started successfully.
Feb 03, 2023 10:29:51 PM org.openqa.selenium.devtools.CdpVersionFinder findNearestMatch
WARNING: Unable to find an exact match for CDP version 109, so returning the closest version found: 108
]]></system-err>
  </testcase>
  <testcase name="runScenario[&quot;F06_externalLinks | user is redirected to facebook/twitter/rss/youtube links&quot;, &quot;F06_wishList | Clicking external link opens in a new tab and matches href&quot;](15)" classname="testRunner.runners" time="18.313">
    <system-out><![CDATA[
@smoke
Scenario Outline: F06_externalLinks | user is redirected to facebook/twitter/rss/youtube links &amp#27;[90m# src/main/resources/features/F06_externalLinks.feature:13&amp#27;[0m
  &amp#27;[32mGiven &amp#27;[0m&amp#27;[32muser clicks on &amp#27;[0m&amp#27;[32m&amp#27;[1m"YouTube"&amp#27;[0m                                                               &amp#27;[90m# stepDefs.D06_externalLinks.user_clicks_on(java.lang.String)&amp#27;[0m
  &amp#27;[32mAnd &amp#27;[0m&amp#27;[32mlink opens in a new tab&amp#27;[0m                                                                  &amp#27;[90m# stepDefs.D06_externalLinks.link_opens_in_new_tab()&amp#27;[0m
  &amp#27;[32mThen &amp#27;[0m&amp#27;[32mlink matches&amp#27;[0m                                                                            &amp#27;[90m# stepDefs.D06_externalLinks.link_matches()&amp#27;[0m
]]></system-out>
    <system-err><![CDATA[Starting Microsoft Edge WebDriver 109.0.1518.70 (f787d2c3a4185501adc55d95d53ce7cf872db7c3) on port 37817
To submit feedback, report a bug, or suggest new features, please visit https://github.com/MicrosoftEdge/EdgeWebDriver

Only local connections are allowed.
Please see https://aka.ms/WebDriverSecurity for suggestions on keeping Microsoft Edge WebDriver safe.

Microsoft Edge WebDriver was started successfully.
Feb 03, 2023 10:30:02 PM org.openqa.selenium.devtools.CdpVersionFinder findNearestMatch
WARNING: Unable to find an exact match for CDP version 109, so returning the closest version found: 108
]]></system-err>
  </testcase>
  <testcase name="runScenario[&quot;Element is added to wishlist&quot;, &quot;F07_wishList | Adding element to wishlist is successful&quot;](16)" classname="testRunner.runners" time="26.668">
    <system-out><![CDATA[
@smoke
Scenario: Element is added to wishlist                                                                         &amp#27;[90m# src/main/resources/features/F07_wishList.feature:4&amp#27;[0m
  &amp#27;[32mGiven &amp#27;[0m&amp#27;[32muser click on a product in the webpage&amp#27;[0m                                                                 &amp#27;[90m# stepDefs.D07_wishList.user_click_on_a_product_in_the_webpage()&amp#27;[0m
  &amp#27;[32mAnd &amp#27;[0m&amp#27;[32muser clicks add to wishlist&amp#27;[0m                                                                              &amp#27;[90m# stepDefs.D07_wishList.user_clicks_add_to_wishlist()&amp#27;[0m
  &amp#27;[32mThen &amp#27;[0m&amp#27;[32mgreen msg appears saying it was added successfully and wishcart shows the item with qt higher than zero&amp#27;[0m &amp#27;[90m# stepDefs.D07_wishList.green_msg_appears_saying_it_was_added_successfully_and_wishcart_shows_the_item_with_qt_higher_than_zero()&amp#27;[0m
]]></system-out>
    <system-err><![CDATA[Starting Microsoft Edge WebDriver 109.0.1518.70 (f787d2c3a4185501adc55d95d53ce7cf872db7c3) on port 24121
To submit feedback, report a bug, or suggest new features, please visit https://github.com/MicrosoftEdge/EdgeWebDriver

Only local connections are allowed.
Please see https://aka.ms/WebDriverSecurity for suggestions on keeping Microsoft Edge WebDriver safe.

Microsoft Edge WebDriver was started successfully.
Feb 03, 2023 10:30:21 PM org.openqa.selenium.devtools.CdpVersionFinder findNearestMatch
WARNING: Unable to find an exact match for CDP version 109, so returning the closest version found: 108
]]></system-err>
  </testcase>
</testsuite>